  [1m[35m (5.4ms)[0m  [1m[35mCREATE DATABASE "pokedex_rails_backend_development" ENCODING = 'unicode'[0m
  [1m[35m (3.4ms)[0m  [1m[35mCREATE DATABASE "pokedex_rails_backend_test" ENCODING = 'unicode'[0m
  [1m[35m (0.6ms)[0m  [1m[34mSELECT pg_try_advisory_lock(4901318578428574785)[0m
  [1m[36mActiveRecord::SchemaMigration Pluck (3.8ms)[0m  [1m[34mSELECT "schema_migrations"."version" FROM "schema_migrations" ORDER BY "schema_migrations"."version" ASC[0m
Migrating to CreatePokemons (20230327183528)
  [1m[36mTRANSACTION (0.5ms)[0m  [1m[35mBEGIN[0m
  [1m[35m (60.3ms)[0m  [1m[35mCREATE TABLE "pokemons" ("id" bigserial primary key, "number" integer NOT NULL, "name" character varying NOT NULL, "attack" integer NOT NULL, "defense" integer NOT NULL, "poke_type" character varying NOT NULL, "image_url" character varying NOT NULL, "captured" boolean DEFAULT FALSE NOT NULL, "created_at" timestamp(6) NOT NULL, "updated_at" timestamp(6) NOT NULL)[0m
  [1m[36mTRANSACTION (0.2ms)[0m  [1m[31mROLLBACK[0m
  [1m[35m (0.3ms)[0m  [1m[34mSELECT pg_advisory_unlock(4901318578428574785)[0m
  [1m[36mActiveRecord::SchemaMigration Pluck (0.7ms)[0m  [1m[34mSELECT "schema_migrations"."version" FROM "schema_migrations" ORDER BY "schema_migrations"."version" ASC[0m
  [1m[36mActiveRecord::InternalMetadata Pluck (42.7ms)[0m  [1m[34mSELECT "ar_internal_metadata"."value" FROM "ar_internal_metadata" WHERE "ar_internal_metadata"."key" = $1 LIMIT $2[0m  [["key", "environment"], ["LIMIT", 1]]
  [1m[36mActiveRecord::SchemaMigration Pluck (0.3ms)[0m  [1m[34mSELECT "schema_migrations"."version" FROM "schema_migrations" ORDER BY "schema_migrations"."version" ASC[0m
  [1m[36mActiveRecord::InternalMetadata Pluck (0.3ms)[0m  [1m[34mSELECT "ar_internal_metadata"."value" FROM "ar_internal_metadata" WHERE "ar_internal_metadata"."key" = $1 LIMIT $2[0m  [["key", "environment"], ["LIMIT", 1]]
  [1m[36mActiveRecord::SchemaMigration Pluck (0.2ms)[0m  [1m[34mSELECT "schema_migrations"."version" FROM "schema_migrations" ORDER BY "schema_migrations"."version" ASC[0m
  [1m[36mActiveRecord::InternalMetadata Pluck (0.2ms)[0m  [1m[34mSELECT "ar_internal_metadata"."value" FROM "ar_internal_metadata" WHERE "ar_internal_metadata"."key" = $1 LIMIT $2[0m  [["key", "environment"], ["LIMIT", 1]]
  [1m[35m (104.1ms)[0m  [1m[35mDROP DATABASE IF EXISTS "pokedex_rails_backend_development"[0m
  [1m[35m (67.1ms)[0m  [1m[35mDROP DATABASE IF EXISTS "pokedex_rails_backend_test"[0m
  [1m[35m (280.4ms)[0m  [1m[35mCREATE DATABASE "pokedex_rails_backend_development" ENCODING = 'unicode'[0m
  [1m[35m (156.0ms)[0m  [1m[35mCREATE DATABASE "pokedex_rails_backend_test" ENCODING = 'unicode'[0m
  [1m[35m (29.7ms)[0m  [1m[35mCREATE TABLE "schema_migrations" ("version" character varying NOT NULL PRIMARY KEY)[0m
  [1m[35m (29.3ms)[0m  [1m[35mCREATE TABLE "ar_internal_metadata" ("key" character varying NOT NULL PRIMARY KEY, "value" character varying, "created_at" timestamp(6) NOT NULL, "updated_at" timestamp(6) NOT NULL)[0m
  [1m[35m (0.7ms)[0m  [1m[34mSELECT pg_try_advisory_lock(4901318578428574785)[0m
  [1m[36mActiveRecord::SchemaMigration Pluck (1.0ms)[0m  [1m[34mSELECT "schema_migrations"."version" FROM "schema_migrations" ORDER BY "schema_migrations"."version" ASC[0m
Migrating to CreatePokemons (20230327183528)
  [1m[36mTRANSACTION (0.4ms)[0m  [1m[35mBEGIN[0m
  [1m[35m (39.3ms)[0m  [1m[35mCREATE TABLE "pokemons" ("id" bigserial primary key, "number" integer NOT NULL, "name" character varying NOT NULL, "attack" integer NOT NULL, "defense" integer NOT NULL, "poke_type" character varying NOT NULL, "image_url" character varying NOT NULL, "captured" boolean DEFAULT FALSE NOT NULL, "created_at" timestamp(6) NOT NULL, "updated_at" timestamp(6) NOT NULL)[0m
  [1m[35m (1.9ms)[0m  [1m[35mCREATE UNIQUE INDEX "index_pokemons_on_number" ON "pokemons" ("number")[0m
  [1m[35m (6.8ms)[0m  [1m[35mCREATE UNIQUE INDEX "index_pokemons_on_name" ON "pokemons" ("name")[0m
  [1m[36mActiveRecord::SchemaMigration Create (2.0ms)[0m  [1m[32mINSERT INTO "schema_migrations" ("version") VALUES ($1) RETURNING "version"[0m  [["version", "20230327183528"]]
  [1m[36mTRANSACTION (16.8ms)[0m  [1m[35mCOMMIT[0m
Migrating to CreateItems (20230327183842)
  [1m[36mTRANSACTION (24.3ms)[0m  [1m[35mBEGIN[0m
  [1m[35m (11.8ms)[0m  [1m[35mCREATE TABLE "items" ("id" bigserial primary key, "pokemon_id" bigint NOT NULL, "name" character varying NOT NULL, "price" integer NOT NULL, "happiness" integer NOT NULL, "image_url" character varying NOT NULL, "created_at" timestamp(6) NOT NULL, "updated_at" timestamp(6) NOT NULL, CONSTRAINT "fk_rails_e992d4d99e"
FOREIGN KEY ("pokemon_id")
  REFERENCES "pokemons" ("id")
)[0m
  [1m[35m (1.1ms)[0m  [1m[35mCREATE INDEX "index_items_on_pokemon_id" ON "items" ("pokemon_id")[0m
  [1m[36mActiveRecord::SchemaMigration Create (4.0ms)[0m  [1m[32mINSERT INTO "schema_migrations" ("version") VALUES ($1) RETURNING "version"[0m  [["version", "20230327183842"]]
  [1m[36mTRANSACTION (0.7ms)[0m  [1m[35mCOMMIT[0m
Migrating to CreateMoves (20230327184039)
  [1m[36mTRANSACTION (40.6ms)[0m  [1m[35mBEGIN[0m
  [1m[35m (7.9ms)[0m  [1m[35mCREATE TABLE "moves" ("id" bigserial primary key, "name" character varying NOT NULL, "created_at" timestamp(6) NOT NULL, "updated_at" timestamp(6) NOT NULL)[0m
  [1m[35m (1.5ms)[0m  [1m[35mCREATE UNIQUE INDEX "index_moves_on_name" ON "moves" ("name")[0m
  [1m[36mActiveRecord::SchemaMigration Create (0.5ms)[0m  [1m[32mINSERT INTO "schema_migrations" ("version") VALUES ($1) RETURNING "version"[0m  [["version", "20230327184039"]]
  [1m[36mTRANSACTION (0.6ms)[0m  [1m[35mCOMMIT[0m
Migrating to CreatePokeMoves (20230327184130)
  [1m[36mTRANSACTION (84.1ms)[0m  [1m[35mBEGIN[0m
  [1m[35m (3.0ms)[0m  [1m[35mCREATE TABLE "poke_moves" ("id" bigserial primary key, "pokemon_id" bigint NOT NULL, "move_id" bigint NOT NULL, "created_at" timestamp(6) NOT NULL, "updated_at" timestamp(6) NOT NULL, CONSTRAINT "fk_rails_861f63f841"
FOREIGN KEY ("pokemon_id")
  REFERENCES "pokemons" ("id")
, CONSTRAINT "fk_rails_2faa279510"
FOREIGN KEY ("move_id")
  REFERENCES "moves" ("id")
)[0m
  [1m[35m (1.0ms)[0m  [1m[35mCREATE INDEX "index_poke_moves_on_move_id" ON "poke_moves" ("move_id")[0m
  [1m[35m (1.0ms)[0m  [1m[35mCREATE UNIQUE INDEX "index_poke_moves_on_pokemon_id_and_move_id" ON "poke_moves" ("pokemon_id", "move_id")[0m
  [1m[36mActiveRecord::SchemaMigration Create (0.6ms)[0m  [1m[32mINSERT INTO "schema_migrations" ("version") VALUES ($1) RETURNING "version"[0m  [["version", "20230327184130"]]
  [1m[36mTRANSACTION (0.6ms)[0m  [1m[35mCOMMIT[0m
  [1m[36mActiveRecord::InternalMetadata Load (8.0ms)[0m  [1m[34mSELECT "ar_internal_metadata".* FROM "ar_internal_metadata" WHERE "ar_internal_metadata"."key" = $1 LIMIT $2[0m  [["key", "environment"], ["LIMIT", 1]]
  [1m[36mTRANSACTION (24.8ms)[0m  [1m[35mBEGIN[0m
  [1m[36mActiveRecord::InternalMetadata Create (1.1ms)[0m  [1m[32mINSERT INTO "ar_internal_metadata" ("key", "value", "created_at", "updated_at") VALUES ($1, $2, $3, $4) RETURNING "key"[0m  [["key", "environment"], ["value", "development"], ["created_at", "2023-03-27 19:00:26.618107"], ["updated_at", "2023-03-27 19:00:26.618107"]]
  [1m[36mTRANSACTION (0.4ms)[0m  [1m[35mCOMMIT[0m
  [1m[35m (0.5ms)[0m  [1m[34mSELECT pg_advisory_unlock(4901318578428574785)[0m
  [1m[36mActiveRecord::SchemaMigration Pluck (1.1ms)[0m  [1m[34mSELECT "schema_migrations"."version" FROM "schema_migrations" ORDER BY "schema_migrations"."version" ASC[0m
  [1m[36mActiveRecord::SchemaMigration Pluck (0.7ms)[0m  [1m[34mSELECT "schema_migrations"."version" FROM "schema_migrations" ORDER BY "schema_migrations"."version" ASC[0m
  [1m[36mActiveRecord::SchemaMigration Pluck (0.7ms)[0m  [1m[34mSELECT "schema_migrations"."version" FROM "schema_migrations" ORDER BY "schema_migrations"."version" ASC[0m
